[INFO] 15:04:32:615 iniciar logger/(4762:4762): soy un log
[INFO] 15:05:50:591 iniciar logger/(4827:4827): soy un log
[INFO] 15:41:55:623 iniciar logger/(5844:5844): soy un log
[INFO] 15:41:55:643 iniciar logger/(5844:5844): HOLA
[INFO] 15:41:55:643 iniciar logger/(5844:5844): H
[INFO] 17:14:45:209 iniciar logger/(9562:9562): soy un log
[INFO] 17:14:45:230 iniciar logger/(9562:9562): HOLA
[INFO] 17:14:45:231 iniciar logger/(9562:9562): H
[INFO] 17:15:14:662 iniciar logger/(9599:9599): soy un log
[INFO] 17:16:23:542 iniciar logger/(9640:9640): soy un log
[INFO] 17:21:47:269 iniciar logger/(9835:9835): soy un log
[INFO] 17:23:00:875 iniciar logger/(9902:9902): soy un log
[INFO] 17:23:28:894 iniciar logger/(9941:9941): soy un log
[INFO] 17:25:11:926 iniciar logger/(10046:10046): soy un log
[INFO] 17:25:11:942 iniciar logger/(10046:10046): 
[INFO] 17:31:48:132 iniciar logger/(10206:10206): soy un log
[INFO] 17:36:25:499 iniciar logger/(10206:10206): 
[INFO] 17:36:40:255 iniciar logger/(10381:10381): soy un log
[INFO] 17:36:40:278 iniciar logger/(10381:10381): 
[INFO] 17:37:00:497 iniciar logger/(10412:10412): soy un log
[INFO] 17:46:41:29 iniciar logger/(10665:10665): soy un log
[INFO] 17:46:42:43 iniciar logger/(10665:10665): 
[INFO] 23:30:41:598 iniciar logger/(3831:3831): soy un log
[INFO] 23:31:09:671 iniciar logger/(3882:3882): soy un log
[INFO] 23:31:49:778 iniciar logger/(3936:3936): soy un log
[INFO] 23:32:21:186 iniciar logger/(3987:3987): soy un log
[INFO] 23:34:30:26 iniciar logger/(4190:4190): soy un log
[INFO] 23:35:59:181 iniciar logger/(4323:4323): soy un log
[INFO] 23:35:59:183 iniciar logger/(4323:4323): llegue hasta despues de enviar
[INFO] 23:38:00:347 iniciar logger/(4467:4467): soy un log
[INFO] 23:38:00:353 iniciar logger/(4467:4467): llegue hasta despues de enviar
[INFO] 23:39:27:788 iniciar logger/(4235:4235): soy un log
[INFO] 23:41:15:738 iniciar logger/(4845:4845): soy un log
[INFO] 23:41:27:840 iniciar logger/(4845:4845): llegue hasta despues de enviar
[INFO] 23:46:09:421 iniciar logger/(5121:5121): soy un log
[INFO] 23:46:09:426 iniciar logger/(5121:5121): llegue hasta despues de enviar
[INFO] 23:46:09:456 iniciar logger/(5121:5121): llegue hasta despues de RECIBIR CAPO
[INFO] 23:50:11:348 iniciar logger/(5928:5928): soy un log
[INFO] 23:50:11:364 iniciar logger/(5928:5928): llegue hasta despues de enviar
[INFO] 23:52:56:379 iniciar logger/(6158:6158): soy un log
[INFO] 23:52:56:380 iniciar logger/(6158:6158): llegue hasta despues de enviar
[INFO] 23:54:11:994 iniciar logger/(6252:6252): soy un log
[INFO] 23:54:12:4 iniciar logger/(6252:6252): llegue hasta despues de enviar
[INFO] 23:54:46:494 iniciar logger/(6312:6312): soy un log
[INFO] 23:54:46:498 iniciar logger/(6312:6312): llegue hasta despues de enviar
[INFO] 23:59:45:155 iniciar logger/(6529:6529): soy un log
[INFO] 23:59:45:159 iniciar logger/(6529:6529): llegue hasta despues de enviar
[INFO] 23:59:45:171 iniciar logger/(6529:6529): llegue hasta despues de RECIBIR CAPO
[INFO] 00:00:17:714 iniciar logger/(6732:6732): soy un log
[INFO] 00:00:17:719 iniciar logger/(6732:6732): llegue hasta despues de enviar
[INFO] 00:02:09:742 iniciar logger/(6832:6832): soy un log
[INFO] 00:02:09:767 iniciar logger/(6832:6832): llegue hasta despues de enviar
[INFO] 00:04:22:667 iniciar logger/(30859:30859): soy un log
[INFO] 00:05:03:352 iniciar logger/(9772:9772): soy un log
[INFO] 00:10:55:245 iniciar logger/(12689:12689): soy un log
[INFO] 00:11:33:657 iniciar logger/(12753:12753): soy un log
[INFO] 00:11:33:661 iniciar logger/(12753:12753): llegue hasta despues de enviar
[INFO] 00:11:33:661 iniciar logger/(12753:12753): llegue hasta despues de RECIBIR CAPO
[INFO] 00:12:12:590 iniciar logger/(12805:12805): soy un log
[INFO] 00:12:12:601 iniciar logger/(12805:12805): llegue hasta despues de enviar
[INFO] 00:12:12:606 iniciar logger/(12805:12805): llegue hasta despues de RECIBIR CAPO
[INFO] 00:12:48:477 iniciar logger/(12873:12873): soy un log
[INFO] 00:12:48:477 iniciar logger/(12873:12873): llegue hasta despues de enviar
[INFO] 00:13:56:423 iniciar logger/(12915:12915): soy un log
[INFO] 00:15:51:220 iniciar logger/(12915:12915): llegue hasta despues de enviar
[INFO] 00:17:14:176 iniciar logger/(13303:13303): soy un log
[INFO] 00:17:22:293 iniciar logger/(13303:13303): llegue hasta despues de enviar
[INFO] 00:24:19:635 iniciar logger/(13901:13901): soy un log
[INFO] 00:24:19:650 iniciar logger/(13901:13901): llegue hasta despues de enviar
[INFO] 00:24:19:659 iniciar logger/(13901:13901): llegue hasta despues de RECIBIR CAPO
[INFO] 00:25:00:686 iniciar logger/(13947:13947): soy un log
[INFO] 00:25:00:687 iniciar logger/(13947:13947): llegue hasta despues de enviar
[INFO] 00:25:00:694 iniciar logger/(13947:13947): llegue hasta despues de RECIBIR CAPO
[INFO] 00:25:59:692 iniciar logger/(14030:14030): soy un log
[INFO] 00:25:59:700 iniciar logger/(14030:14030): llegue hasta despues de enviar
[INFO] 00:25:59:703 iniciar logger/(14030:14030): llegue hasta despues de RECIBIR CAPO
[INFO] 00:26:56:527 iniciar logger/(14098:14098): soy un log
[INFO] 00:26:56:539 iniciar logger/(14098:14098): llegue hasta despues de enviar
[INFO] 00:26:56:540 iniciar logger/(14098:14098): llegue hasta despues de RECIBIR CAPO
[INFO] 00:26:56:540 iniciar logger/(14098:14098): : so
[INFO] 00:27:36:849 iniciar logger/(14154:14154): soy un log
[INFO] 00:27:36:850 iniciar logger/(14154:14154): llegue hasta despues de enviar
[INFO] 00:27:36:850 iniciar logger/(14154:14154): llegue hasta despues de RECIBIR CAPO
[INFO] 00:27:36:850 iniciar logger/(14154:14154): à’(	ˆÇk·
[INFO] 00:28:07:983 iniciar logger/(14207:14207): soy un log
[INFO] 00:28:07:986 iniciar logger/(14207:14207): llegue hasta despues de enviar
[INFO] 00:28:07:990 iniciar logger/(14207:14207): llegue hasta despues de RECIBIR CAPO
[INFO] 00:28:07:990 iniciar logger/(14207:14207): : so7m·
[INFO] 00:29:26:715 iniciar logger/(14290:14290): soy un log
[INFO] 00:29:26:725 iniciar logger/(14290:14290): llegue hasta despues de enviar
[INFO] 00:29:43:547 iniciar logger/(14322:14322): soy un log
[INFO] 00:29:43:553 iniciar logger/(14322:14322): llegue hasta despues de enviar
[INFO] 00:29:43:568 iniciar logger/(14322:14322): llegue hasta despues de RECIBIR CAPO
[INFO] 00:29:43:568 iniciar logger/(14322:14322): : so7q·
[INFO] 00:32:19:552 iniciar logger/(14643:14643): soy un log
[INFO] 00:32:19:552 iniciar logger/(14643:14643): llegue hasta despues de enviar
[INFO] 00:32:19:552 iniciar logger/(14643:14643): llegue hasta despues de RECIBIR CAPO
[INFO] 00:32:19:552 iniciar logger/(14643:14643): : sown·
[INFO] 00:33:47:750 iniciar logger/(14768:14768): soy un log
[INFO] 00:33:53:941 iniciar logger/(14768:14768): llegue hasta despues de enviar
[INFO] 00:36:21:208 iniciar logger/(15005:15005): soy un log
[INFO] 00:36:27:184 iniciar logger/(15005:15005): llegue hasta despues de enviar
[INFO] 00:38:02:297 iniciar logger/(15134:15134): soy un log
[INFO] 00:38:02:308 iniciar logger/(15134:15134): llegue hasta despues de enviar
[INFO] 00:40:22:794 iniciar logger/(15254:15254): soy un log
[INFO] 00:40:22:795 iniciar logger/(15254:15254): llegue hasta despues de enviar
[INFO] 00:41:39:32 iniciar logger/(15385:15385): soy un log
[INFO] 00:41:39:32 iniciar logger/(15385:15385): llegue hasta despues de enviar
[INFO] 01:03:40:21 iniciar logger/(16755:16755): soy un log
[INFO] 01:03:41:37 iniciar logger/(16755:16755): llegue hasta despues de enviar
[INFO] 01:04:23:46 iniciar logger/(16969:16969): soy un log
[INFO] 01:04:24:93 iniciar logger/(16969:16969): llegue hasta despues de enviar
[INFO] 01:04:36:574 iniciar logger/(17003:17003): soy un log
[INFO] 01:04:36:575 iniciar logger/(17003:17003): llegue hasta despues de enviar
[INFO] 01:05:36:149 iniciar logger/(17087:17087): soy un log
[INFO] 01:05:36:150 iniciar logger/(17087:17087): llegue hasta despues de enviar
[INFO] 01:06:15:31 iniciar logger/(17201:17201): soy un log
[INFO] 01:06:15:35 iniciar logger/(17201:17201): llegue hasta despues de enviar
[INFO] 01:07:55:529 iniciar logger/(17301:17301): soy un log
[INFO] 01:07:55:553 iniciar logger/(17301:17301): llegue hasta despues de enviar
[INFO] 01:07:55:553 iniciar logger/(17301:17301): llegue hasta despues de RECIBIR CAPO
[INFO] 01:07:55:553 iniciar logger/(17301:17301): hola
[INFO] 01:09:31:832 iniciar logger/(17369:17369): soy un log
[INFO] 01:09:31:832 iniciar logger/(17369:17369): llegue hasta despues de enviar
[INFO] 01:11:07:560 iniciar logger/(17457:17457): soy un log
[INFO] 01:11:07:561 iniciar logger/(17457:17457): llegue hasta despues de enviar
[INFO] 01:11:47:507 iniciar logger/(17538:17538): soy un log
[INFO] 01:11:47:509 iniciar logger/(17538:17538): hola
[INFO] 01:13:22:900 iniciar logger/(17839:17839): soy un log
[INFO] 01:14:59:421 iniciar logger/(17996:17996): soy un log
[INFO] 01:14:59:424 iniciar logger/(17996:17996): hola
[INFO] 01:15:21:26 iniciar logger/(18035:18035): soy un log
[INFO] 01:15:21:32 iniciar logger/(18035:18035): hola
[INFO] 01:17:49:870 iniciar logger/(18210:18210): soy un log
[INFO] 01:18:18:45 iniciar logger/(18256:18256): soy un log
[INFO] 01:19:23:754 iniciar logger/(18343:18343): soy un log
[INFO] 01:19:23:770 iniciar logger/(18343:18343): hola
[INFO] 01:19:52:970 iniciar logger/(18395:18395): soy un log
[INFO] 01:20:13:822 iniciar logger/(18436:18436): soy un log
[INFO] 01:20:13:823 iniciar logger/(18436:18436): hola
[INFO] 01:23:08:748 iniciar logger/(18833:18833): soy un log
[INFO] 01:25:24:492 iniciar logger/(19034:19034): soy un log
[INFO] 01:26:04:261 iniciar logger/(19091:19091): soy un log
[INFO] 01:27:27:800 iniciar logger/(19181:19181): soy un log
[INFO] 01:33:07:693 iniciar logger/(19593:19593): soy un log
[INFO] 01:36:20:16 iniciar logger/(19834:19834): soy un log
[INFO] 01:39:55:794 iniciar logger/(20246:20246): soy un log
[INFO] 01:44:42:499 iniciar logger/(20664:20664): soy un log
[INFO] 01:45:30:861 iniciar logger/(20757:20757): soy un log
[INFO] 01:47:13:322 iniciar logger/(20912:20912): soy un log
[INFO] 01:48:20:16 iniciar logger/(20973:20973): soy un log
[INFO] 01:48:21:32 iniciar logger/(20973:20973): envie algo
[INFO] 01:49:03:700 iniciar logger/(21006:21006): soy un log
[INFO] 01:49:03:727 iniciar logger/(21006:21006): envie algo
[INFO] 01:50:42:706 iniciar logger/(21093:21093): soy un log
[INFO] 01:50:42:739 iniciar logger/(21093:21093): envie algo
[INFO] 01:52:27:198 iniciar logger/(21208:21208): soy un log
[INFO] 01:52:27:209 iniciar logger/(21208:21208): envie algo
[INFO] 01:56:24:122 iniciar logger/(21935:21935): soy un log
[INFO] 01:56:25:199 iniciar logger/(21935:21935): envie algo
[INFO] 01:58:58:450 iniciar logger/(22089:22089): soy un log
[INFO] 01:58:58:480 iniciar logger/(22089:22089): envie algo
[INFO] 01:59:37:605 iniciar logger/(22130:22130): soy un log
[INFO] 02:01:41:599 iniciar logger/(22130:22130): envie algo
[INFO] 02:03:32:588 iniciar logger/(22562:22562): soy un log
[INFO] 02:03:32:630 iniciar logger/(22562:22562): envie algo
[INFO] 02:08:49:995 iniciar logger/(22889:22889): soy un log
[INFO] 02:08:50:26 iniciar logger/(22889:22889): envie algo
[INFO] 02:10:19:426 iniciar logger/(22988:22988): soy un log
[INFO] 02:10:19:437 iniciar logger/(22988:22988): envie algo
[INFO] 02:11:42:613 iniciar logger/(23214:23214): soy un log
[INFO] 02:14:24:351 iniciar logger/(23408:23408): soy un log
[INFO] 02:15:17:160 iniciar logger/(23496:23496): soy un log
[INFO] 02:15:17:186 iniciar logger/(23496:23496): envie algo
[INFO] 02:16:17:811 iniciar logger/(23582:23582): soy un log
[INFO] 02:19:00:314 iniciar logger/(23752:23752): soy un log
[INFO] 02:19:00:325 iniciar logger/(23752:23752): envie algo
[INFO] 02:20:25:141 iniciar logger/(23835:23835): soy un log
[INFO] 02:22:50:447 iniciar logger/(23835:23835): envie algo
[INFO] 02:31:38:861 iniciar logger/(4534:4534): soy un log
[INFO] 02:31:38:885 iniciar logger/(4534:4534): envie algo
[INFO] 02:38:13:224 iniciar logger/(5262:5262): soy un log
[INFO] 02:38:13:234 iniciar logger/(5262:5262): envie algo
[INFO] 02:40:01:154 iniciar logger/(5561:5561): soy un log
[INFO] 02:40:01:162 iniciar logger/(5561:5561): envie algo
[INFO] 02:40:27:984 iniciar logger/(5620:5620): soy un log
[INFO] 02:40:27:997 iniciar logger/(5620:5620): envie algo
[INFO] 02:42:05:664 iniciar logger/(5731:5731): soy un log
[INFO] 02:42:51:423 iniciar logger/(5731:5731): envie algo
[INFO] 02:46:23:733 iniciar logger/(6199:6199): soy un log
[INFO] 02:46:30:22 iniciar logger/(6199:6199): envie algo
[INFO] 02:48:46:788 iniciar logger/(6408:6408): soy un log
[INFO] 02:48:51:999 iniciar logger/(6408:6408): envie algo
[INFO] 02:49:09:839 iniciar logger/(6408:6408): recibi algo
[INFO] 02:49:11:499 iniciar logger/(6408:6408): QUIERO
[INFO] 02:49:54:530 iniciar logger/(6504:6504): soy un log
[INFO] 02:50:07:335 iniciar logger/(6540:6540): soy un log
[INFO] 02:50:07:345 iniciar logger/(6540:6540): LISTOOO
[INFO] 02:50:23:648 iniciar logger/(6576:6576): soy un log
[INFO] 02:50:37:476 iniciar logger/(6621:6621): soy un log
[INFO] 02:50:37:477 iniciar logger/(6621:6621): LISTOOO 
[INFO] 02:50:55:177 iniciar logger/(6658:6658): soy un log
[INFO] 02:51:10:854 iniciar logger/(6690:6690): soy un log
[INFO] 02:51:21:352 iniciar logger/(6723:6723): soy un log
[INFO] 02:51:21:363 iniciar logger/(6723:6723): holaasdfaifj
